Flutter crash report; please file at https://github.com/flutter/flutter/issues.

## command

flutter build appbundle -v

## exception

FileSystemException: FileSystemException: Cannot copy file to 'E:\Project\Android\flutter\private\zakuuza\build\app\outputs\bundle\app.aab', path = 'E:\Project\Android\flutter\private\zakuuza\build\app\outputs\bundle\app.aab' (OS Error: The process cannot access the file because it is being used by another process.
, errno = 32)

```
#0      _File.throwIfError (dart:io/file_impl.dart:643:7)
#1      _File.copySync (dart:io/file_impl.dart:348:5)
#2      _LocalFile&LocalFileSystemEntity&ForwardingFile.copySync (package:file/src/forwarding/forwarding_file.dart:29:50)
#3      _buildGradleProjectV2 (package:flutter_tools/src/android/gradle.dart:604:16)
<asynchronous suspension>
#4      buildGradleProject (package:flutter_tools/src/android/gradle.dart:346:14)
<asynchronous suspension>
#5      buildAppBundle (package:flutter_tools/src/android/app_bundle.dart:43:10)
<asynchronous suspension>
#6      BuildAppBundleCommand.runCommand (package:flutter_tools/src/commands/build_appbundle.dart:43:11)
<asynchronous suspension>
#7      FlutterCommand.verifyThenRunCommand (package:flutter_tools/src/runner/flutter_command.dart:559:18)
#8      _asyncThenWrapperHelper.<anonymous closure> (dart:async-patch/async_patch.dart:77:64)
#9      _rootRunUnary (dart:async/zone.dart:1132:38)
#10     _CustomZone.runUnary (dart:async/zone.dart:1029:19)
#11     _FutureListener.handleValue (dart:async/future_impl.dart:126:18)
#12     Future._propagateToListeners.handleValueCallback (dart:async/future_impl.dart:639:45)
#13     Future._propagateToListeners (dart:async/future_impl.dart:668:32)
#14     Future._complete (dart:async/future_impl.dart:473:7)
#15     _SyncCompleter.complete (dart:async/future_impl.dart:51:12)
#16     _AsyncAwaitCompleter.complete.<anonymous closure> (dart:async-patch/async_patch.dart:33:20)
#17     _rootRun (dart:async/zone.dart:1124:13)
#18     _CustomZone.run (dart:async/zone.dart:1021:19)
#19     _CustomZone.bindCallback.<anonymous closure> (dart:async/zone.dart:947:23)
#20     _microtaskLoop (dart:async/schedule_microtask.dart:41:21)
#21     _startMicrotaskLoop (dart:async/schedule_microtask.dart:50:5)
#22     _runPendingImmediateCallback (dart:isolate-patch/isolate_patch.dart:115:13)
#23     _RawReceivePortImpl._handleMessage (dart:isolate-patch/isolate_patch.dart:172:5)
```

## flutter doctor

```
[✓] Flutter (Channel stable, v1.5.4-hotfix.2, on Microsoft Windows [Version 10.0.17763.1], locale en-US)
    • Flutter version 1.5.4-hotfix.2 at C:\flutter\flutter
    • Framework revision 7a4c33425d (6 months ago), 2019-04-29 11:05:24 -0700
    • Engine revision 52c7a1e849
    • Dart version 2.3.0 (build 2.3.0-dev.0.5 a1668566e5)

[✓] Android toolchain - develop for Android devices (Android SDK version 29.0.2)
    • Android SDK at E:\sdk\Sdk\Sdk
    • Android NDK location not configured (optional; useful for native profiling support)
    • Platform android-29, build-tools 29.0.2
    • ANDROID_HOME = E:\sdk\Sdk\Sdk;
    • Java binary at: C:\Program Files\Android\Android Studio\jre\bin\java
    • Java version OpenJDK Runtime Environment (build 1.8.0_152-release-915-b01)
    • All Android licenses accepted.

[!] Android Studio (version 3.0)
    • Android Studio at C:\Program Files\Android\Android Studio
    ✗ Flutter plugin not installed; this adds Flutter specific functionality.
    ✗ Dart plugin not installed; this adds Dart specific functionality.
    • Java version OpenJDK Runtime Environment (build 1.8.0_152-release-915-b01)

[✓] VS Code (version 1.39.2)
    • VS Code at C:\Users\Ir Julio K.L\AppData\Local\Programs\Microsoft VS Code
    • Flutter extension version 3.6.0

[✓] Connected device (1 available)
    • SM J330L • 42004713f2b015f1 • android-arm • Android 9 (API 28)

! Doctor found issues in 1 category.
```
